<?xml version="1.0" encoding="UTF-8"?>
<!-- Generated by org.testng.reporters.JUnitReportReporter -->
<testsuite hostname="DESKTOP-VJS669Q" failures="0" tests="2" name="TESTNG.sample_test3" time="0.005" errors="0" timestamp="2023-09-21T21:13:07 IST" skipped="0">
  <testcase classname="TESTNG.sample_test3" name="m1" time="0.002"/>
  <system-out>
    <![CDATA[testcase5]]>
  </system-out>
  <testcase classname="TESTNG.sample_test3" name="m2" time="0.003"/>
  <system-out>
    <![CDATA[testcase6]]>
  </system-out>
</testsuite> <!-- TESTNG.sample_test3 -->
