<?xml version="1.0" encoding="UTF-8"?>
<!-- Generated by org.testng.reporters.JUnitReportReporter -->
<testsuite hostname="DESKTOP-VJS669Q" failures="0" tests="2" name="TESTNG.sample_test2" time="0.004" errors="0" timestamp="2023-09-21T21:13:06 IST" skipped="0">
  <testcase classname="TESTNG.sample_test2" name="m3" time="0.002"/>
  <system-out>
    <![CDATA[testcase4]]>
  </system-out>
  <testcase classname="TESTNG.sample_test2" name="m2" time="0.002"/>
  <system-out>
    <![CDATA[testcase3]]>
  </system-out>
</testsuite> <!-- TESTNG.sample_test2 -->
