<?xml version="1.0" encoding="UTF-8"?>
<!-- Generated by org.testng.reporters.JUnitReportReporter -->
<testsuite hostname="DESKTOP-VJS669Q" failures="0" tests="1" name="TESTNG.cross_browser1" time="18.103" errors="0" timestamp="2023-09-21T11:08:52 IST" skipped="0">
  <testcase classname="TESTNG.cross_browser1" name="tc1" time="18.103"/>
  <system-out/>
</testsuite> <!-- TESTNG.cross_browser1 -->
