<?xml version="1.0" encoding="UTF-8"?>
<!-- Generated by org.testng.reporters.JUnitReportReporter -->
<testsuite hostname="DESKTOP-VJS669Q" failures="0" tests="3" name="TESTNG.testNG_priority" time="0.010" errors="0" timestamp="2023-09-21T11:45:30 IST" skipped="0">
  <testcase classname="TESTNG.testNG_priority" name="m2" time="0.002"/>
  <system-out>
    <![CDATA[had you done your breakfast]]>
  </system-out>
  <testcase classname="TESTNG.testNG_priority" name="m3" time="0.004"/>
  <system-out>
    <![CDATA[had you done your lunch]]>
  </system-out>
  <testcase classname="TESTNG.testNG_priority" name="m1" time="0.004"/>
  <system-out>
    <![CDATA[had you done your dinner]]>
  </system-out>
</testsuite> <!-- TESTNG.testNG_priority -->
