<?xml version="1.0" encoding="UTF-8"?>
<!-- Generated by org.testng.reporters.JUnitReportReporter -->
<testsuite hostname="DESKTOP-VJS669Q" failures="0" tests="3" name="TESTNG.testNG_enable" time="0.004" errors="0" timestamp="2023-09-21T11:45:30 IST" skipped="1">
  <testcase classname="TESTNG.testNG_enable" name="m3" time="0.003"/>
  <system-out>
    <![CDATA[had you done your lunch]]>
  </system-out>
  <testcase classname="TESTNG.testNG_enable" name="m2" time="0.001"/>
  <system-out>
    <![CDATA[had you done your breakfast]]>
  </system-out>
  <testcase classname="TESTNG.testNG_enable" name="m1">
    <skipped/>
  </testcase> <!-- m1 -->
  <system-out/>
</testsuite> <!-- TESTNG.testNG_enable -->
