<?xml version="1.0" encoding="UTF-8"?>
<!-- Generated by org.testng.reporters.JUnitReportReporter -->
<testsuite hostname="DESKTOP-VJS669Q" failures="0" tests="1" name="Practice.practice" time="15.971" errors="0" timestamp="2023-09-21T10:56:21 IST" skipped="0">
  <testcase classname="Practice.practice" name="r" time="15.971"/>
  <system-out/>
</testsuite> <!-- Practice.practice -->
