<?xml version="1.0" encoding="UTF-8"?>
<!-- Generated by org.testng.reporters.JUnitReportReporter -->
<testsuite hostname="DESKTOP-VJS669Q" failures="0" tests="2" name="TESTNG.testng_basic" time="0.004" errors="0" timestamp="2023-09-21T11:45:30 IST" skipped="0">
  <testcase classname="TESTNG.testng_basic" name="show1" time="0.002"/>
  <system-out>
    <![CDATA[iam executing testcase1]]>
  </system-out>
  <testcase classname="TESTNG.testng_basic" name="show2" time="0.002"/>
  <system-out>
    <![CDATA[iam execting testcase2]]>
  </system-out>
</testsuite> <!-- TESTNG.testng_basic -->
