<?xml version="1.0" encoding="UTF-8"?>
<!-- Generated by org.testng.reporters.JUnitReportReporter -->
<testsuite hostname="DESKTOP-VJS669Q" failures="0" tests="1" name="TESTNG.Annotation_flow" time="0.002" errors="0" timestamp="2023-09-21T11:45:30 IST" skipped="0">
  <testcase classname="TESTNG.Annotation_flow" name="t1" time="0.002"/>
  <system-out>
    <![CDATA[boss jam main tc]]>
  </system-out>
</testsuite> <!-- TESTNG.Annotation_flow -->
