<?xml version="1.0" encoding="UTF-8"?>
<!-- Generated by org.testng.reporters.JUnitReportReporter -->
<testsuite hostname="DESKTOP-VJS669Q" failures="0" tests="10" name="TESTNG.TESTNG_invocation" time="0.032" errors="0" timestamp="2023-09-21T11:45:30 IST" skipped="0">
  <testcase classname="TESTNG.TESTNG_invocation" name="m1" time="0.003"/>
  <system-out>
    <![CDATA[had you done your dinner]]>
  </system-out>
  <testcase classname="TESTNG.TESTNG_invocation" name="m1" time="0.008"/>
  <system-out>
    <![CDATA[had you done your dinner]]>
  </system-out>
  <testcase classname="TESTNG.TESTNG_invocation" name="m1" time="0.001"/>
  <system-out>
    <![CDATA[had you done your dinner]]>
  </system-out>
  <testcase classname="TESTNG.TESTNG_invocation" name="m1" time="0.003"/>
  <system-out>
    <![CDATA[had you done your dinner]]>
  </system-out>
  <testcase classname="TESTNG.TESTNG_invocation" name="m1" time="0.001"/>
  <system-out>
    <![CDATA[had you done your dinner]]>
  </system-out>
  <testcase classname="TESTNG.TESTNG_invocation" name="m1" time="0.001"/>
  <system-out>
    <![CDATA[had you done your dinner]]>
  </system-out>
  <testcase classname="TESTNG.TESTNG_invocation" name="m1" time="0.003"/>
  <system-out>
    <![CDATA[had you done your dinner]]>
  </system-out>
  <testcase classname="TESTNG.TESTNG_invocation" name="m1" time="0.007"/>
  <system-out>
    <![CDATA[had you done your dinner]]>
  </system-out>
  <testcase classname="TESTNG.TESTNG_invocation" name="m1" time="0.002"/>
  <system-out>
    <![CDATA[had you done your dinner]]>
  </system-out>
  <testcase classname="TESTNG.TESTNG_invocation" name="m1" time="0.003"/>
  <system-out>
    <![CDATA[had you done your dinner]]>
  </system-out>
</testsuite> <!-- TESTNG.TESTNG_invocation -->
