<?xml version="1.0" encoding="UTF-8"?>
<!-- Generated by org.testng.reporters.JUnitReportReporter -->
<testsuite hostname="DESKTOP-VJS669Q" failures="0" tests="1" name="TESTNG.parllel_execution_class2" time="6.491" errors="0" timestamp="2023-09-21T20:59:26 IST" skipped="0">
  <testcase classname="TESTNG.parllel_execution_class2" name="m2" time="6.491"/>
  <system-out/>
</testsuite> <!-- TESTNG.parllel_execution_class2 -->
