<?xml version="1.0" encoding="UTF-8"?>
<!-- Generated by org.testng.reporters.JUnitReportReporter -->
<testsuite hostname="DESKTOP-VJS669Q" failures="0" tests="1" name="assignment.amazon_application" time="7.409" errors="0" timestamp="2023-09-21T10:41:35 IST" skipped="0">
  <testcase classname="assignment.amazon_application" name="m" time="7.409"/>
  <system-out/>
</testsuite> <!-- assignment.amazon_application -->
