<?xml version="1.0" encoding="UTF-8"?>
<!-- Generated by org.testng.reporters.JUnitReportReporter -->
<testsuite hostname="DESKTOP-VJS669Q" failures="0" tests="1" name="assignment.multi_browser" time="7.326" errors="0" timestamp="2023-09-22T22:29:08 IST" skipped="0">
  <testcase classname="assignment.multi_browser" name="m" time="7.326"/>
  <system-out/>
</testsuite> <!-- assignment.multi_browser -->
